<?xml version="1.0" encoding="UTF-8"?>
<testsuite xmlns:xsi="http://www.w3.org/2001/XMLSchema-instance" xsi:noNamespaceSchemaLocation="https://maven.apache.org/surefire/maven-surefire-plugin/xsd/surefire-test-report.xsd" name="cucumberRunner.TestNGTestRunner" time="0.765" tests="11" errors="0" skipped="0" failures="0">
  <properties>
[...]
</properties>
  <testcase name="runScenario" classname="cucumberRunner.TestNGTestRunner" time="0.127"/>
  <testcase name="runScenario" classname="cucumberRunner.TestNGTestRunner" time="0.009"/>
  <testcase name="runScenario" classname="cucumberRunner.TestNGTestRunner" time="0.011"/>
  <testcase name="runScenario" classname="cucumberRunner.TestNGTestRunner" time="0.006"/>
  <testcase name="runScenario" classname="cucumberRunner.TestNGTestRunner" time="0.007"/>
  <testcase name="runScenario" classname="cucumberRunner.TestNGTestRunner" time="0.007"/>
  <testcase name="runScenario" classname="cucumberRunner.TestNGTestRunner" time="0.011"/>
  <testcase name="runScenario" classname="cucumberRunner.TestNGTestRunner" time="0.004"/>
  <testcase name="runScenario" classname="cucumberRunner.TestNGTestRunner" time="0.004"/>
  <testcase name="runScenario" classname="cucumberRunner.TestNGTestRunner" time="0.007"/>
  <testcase name="runScenario" classname="cucumberRunner.TestNGTestRunner" time="0.004"/>
</testsuite>